nohup: ignoring input
Is cuda available? True
creat transaction dic, time: 56.415342569351196
100 customers predicted
time: 186.8465917110443
200 customers predicted
time: 325.892080783844
300 customers predicted
time: 465.57273054122925
400 customers predicted
time: 611.7051818370819
500 customers predicted
time: 724.0428338050842
600 customers predicted
time: 840.6541340351105
700 customers predicted
time: 955.811360836029
800 customers predicted
time: 1051.3727328777313
900 customers predicted
time: 1178.6283512115479
1000 customers predicted
time: 1274.6334493160248
1100 customers predicted
time: 1396.2195661067963
1200 customers predicted
time: 1543.7163934707642
1300 customers predicted
time: 1616.8824105262756
1400 customers predicted
time: 1728.891663312912
1500 customers predicted
time: 1830.680504322052
1600 customers predicted
time: 1918.8054757118225
1700 customers predicted
time: 2018.8236730098724
1800 customers predicted
time: 2154.6523320674896
1900 customers predicted
time: 2247.428507566452
2000 customers predicted
time: 2350.168520450592
2100 customers predicted
time: 2444.5826189517975
2200 customers predicted
time: 2566.770881175995
2300 customers predicted
time: 2682.4383738040924
2400 customers predicted
time: 2802.2127783298492
2500 customers predicted
time: 2895.316538333893
number of new customer 1298 total customer 68984
making final predictions for approximately the optimal value of epoch : --- 2950.0866692066193 seconds ---
0016791478fd7209abe0c4d001b96b304d81f15cb6ad033f20d0e7006e394e58  GT values : {'0579541001'} Predictions : ['0915529003', '0751471001', '0896152002', '0751471043', '0918292001', '0706016001', '0916468003', '0863595006', '0921906003', '0579541001', '0898694001', '0909370001']
009036de9af83a9007908591e2c6e551860e0474e5b823db8a86eb700c4e38f9  GT values : {'0879291001', '0866731001', '0909914001', '0915529003'} Predictions : ['0915529003', '0896152002', '0915529001', '0751471001', '0916468003', '0918292001', '0915526001', '0751471043', '0706016001', '0863583002', '0863595006', '0865929003']
009ba3da91cf2c0d144a981696dc5560710dc2d3ed2bb57896f7adf85b12bdfc  GT values : {'0872924001', '0873678002', '0751471001', '0568601006'} Predictions : ['0915529003', '0915529001', '0918292001', '0896152002', '0751471001', '0916468003', '0863583002', '0751471043', '0915526001', '0706016001', '0673677002', '0863583001']
010b745aaa3cfb46b377eaad1a4573d7c8fd54df8336e1170bdf6ffec43fa2cf  GT values : {'0751471042', '0783346018', '0911870003', '0751471001', '0783346001', '0865929004', '0752814003'} Predictions : ['0915529003', '0896152002', '0915529001', '0751471001', '0916468003', '0915526001', '0918292001', '0751471043', '0706016001', '0863595006', '0863583002', '0865929003']
0141c92149176273ec7f11748d37ff10a1f4c148078688c9c7b3941aa915a812  GT values : {'0751471001', '0896152002'} Predictions : ['0915529003', '0915529001', '0915526001', '0916468003', '0751471001', '0896152002', '0751471043', '0706016001', '0863595006', '0918292001', '0898694001', '0863583002']
0384f1a2abd76923b5aba3c1614c6a3845f3b5dd585ca782ed537817f57e9db5  GT values : {'0875856003', '0915529001', '0875856001'} Predictions : ['0915529003', '0918292001', '0751471001', '0916468003', '0896152002', '0751471043', '0706016001', '0863595006', '0915529001', '0768912001', '0898694001', '0579541001']
03d708693a2dec4cc72d12e568383c356a0ad201d651f7ac0da4f81f50b277ec  GT values : {'0904567001', '0797710001', '0751471043', '0803757005', '0850917006', '0751471038', '0803757014'} Predictions : ['0915529003', '0896152002', '0751471001', '0916468003', '0918292001', '0915529001', '0751471043', '0915526001', '0706016001', '0863595006', '0863583002', '0865929003']
05f2a6e9550b624f47fd3d8fac1617cfae86dda5901160966ed45c1a25c9fd84  GT values : {'0909370001'} Predictions : ['0915529003', '0896152002', '0915529001', '0751471001', '0915526001', '0918292001', '0751471043', '0706016001', '0916468003', '0909370001', '0921906003', '0863583002']
05f86f4705e1fe94cc0fed558f895c3f2d445f442d2be85bcf6e78a338d2120e  GT values : {'0893141002', '0751471043', '0896169005'} Predictions : ['0918292001', '0915529003', '0896152002', '0751471001', '0916468003', '0915529001', '0751471043', '0706016001', '0768912001', '0866731001', '0863595006', '0158340001']
06254c23c9b0e3950d332fbcf121b1ee79201936f973de90442b34e73e5eaaad  GT values : {'0918292001', '0949198001', '0865086004', '0871889001'} Predictions : ['0915529003', '0751471001', '0915529001', '0896152002', '0916468003', '0918292001', '0751471043', '0915526001', '0706016001', '0863595006', '0909370001', '0863583002']
0642d196b9f51b388e037596e6339991c8901e4ede33894d3d18089a09f078b3  GT values : {'0904414005', '0918292001', '0868823008', '0868213002'} Predictions : ['0915529003', '0915529001', '0896152002', '0915526001', '0918292001', '0751471001', '0916468003', '0751471043', '0706016001', '0863583002', '0863595006', '0863583001']
0922c6fbda70c0021ec7eb17e8ea396473838d5bcde3108831b13ed894caa1c3  GT values : {'0685814063', '0685814003', '0706016001', '0706016003', '0685814005'} Predictions : ['0915529003', '0896152002', '0915529001', '0751471001', '0915526001', '0751471043', '0706016001', '0916468003', '0863583002', '0909370001', '0865929003', '0884319001']
0a6ece200580ca3ab90f329df680d144428bac2963841625f807614808369dd5  GT values : {'0881942002', '0898692003', '0858147006', '0923340002', '0858147001', '0898931002', '0801673001', '0801673002', '0907951002', '0923340001', '0879965001', '0915529003', '0585480002', '0881942001', '0919986001'} Predictions : ['0915529003', '0916468003', '0751471001', '0896152002', '0915529001', '0915526001', '0751471043', '0863595006', '0918292001', '0706016001', '0865929003', '0884319001']
0ae0591ccfb22724be8afef3e5b955e8e561886e9354fbe87591230de720fcd2  GT values : {'0751471042', '0921226007', '0893562001', '0794191003', '0921226008', '0751471001', '0751471037', '0920529001'} Predictions : ['0915529003', '0918292001', '0921906003', '0751471001', '0896152002', '0916468003', '0915529001', '0751471043', '0706016001', '0863595006', '0921906001', '0768912001']
0b19ee67979e71de6f74059773fdc7094cdd17b6fb1a28b6cc93a80df487e756  GT values : {'0873276004', '0761269001', '0751471043', '0751471039', '0666444001', '0797988001', '0913688001', '0896152002', '0910292001'} Predictions : ['0915529003', '0915529001', '0915526001', '0896152002', '0751471001', '0916468003', '0918292001', '0751471043', '0706016001', '0863583002', '0863595006', '0865929003']
0be54f494f1663a0de2ba4034aea08159fb20788ed3d785b971e01568e11c6b8  GT values : {'0903994002', '0762846006', '0556255001', '0906744001', '0705937009', '0905889002', '0621381016', '0762846031', '0915529003', '0903994001', '0902358002'} Predictions : ['0915529003', '0915529001', '0896152002', '0751471001', '0915526001', '0918292001', '0916468003', '0751471043', '0706016001', '0863583002', '0863595006', '0865929003']
0c4e523b4a8b22cf391fe1414e970d45f4f12f157bb063c3d4fa637191b0f361  GT values : {'0915526001'} Predictions : ['0915529003', '0896152002', '0751471001', '0918292001', '0915529001', '0916468003', '0751471043', '0915526001', '0706016001', '0863595006', '0863583002', '0865929003']
0ce396962b9fb7160130101ec0cf994dd83dc0f851fcb304f42c68c8ad4eba31  GT values : {'0935840001', '0911981001', '0902532001', '0789303002', '0896198001', '0889460001', '0652730004', '0762846027', '0878800002', '0842028001', '0927957001', '0762846031', '0929165001', '0827487003', '0896169005', '0856440002', '0751471001', '0882203001', '0907951002', '0902532005', '0896169002', '0903910001'} Predictions : ['0915529003', '0896152002', '0916468003', '0751471001', '0915529001', '0915526001', '0751471043', '0918292001', '0865929003', '0863595006', '0706016001', '0884319001']
0e230c63a60133ec2c4cd5648c30c19d48313f5d45f0b92a4b6abaf6b12a77d5  GT values : {'0863595006', '0874891002'} Predictions : ['0915529003', '0896152002', '0751471001', '0916468003', '0918292001', '0915529001', '0751471043', '0909370001', '0706016001', '0915526001', '0921906003', '0863595006']
0e2c46eab089c08fbe5ff9a84d8ab5483c4ea7fbd7a82f84c643f47c61bbd46b  GT values : {'0751471043', '0751471001', '0751471038', '0865929003'} Predictions : ['0915529003', '0915529001', '0918292001', '0751471001', '0916468003', '0896152002', '0915526001', '0751471043', '0863583002', '0706016001', '0863595006', '0909370001']
0eb63aac42f3aeab0650d06de57d3461069b87a920eb649fe3279f789c6c5c12  GT values : {'0882418005', '0751471043', '0906226002'} Predictions : ['0915529003', '0915529001', '0751471001', '0918292001', '0916468003', '0863583002', '0915526001', '0751471043', '0673677002', '0896152002', '0706016001', '0863595006']
100474c55ffdcf1ad4bfd2874d8a5af3d70a08adc56916ac88a17557d443f3fc  GT values : {'0865929003', '0919986001'} Predictions : ['0915529003', '0896152002', '0915529001', '0751471001', '0916468003', '0915526001', '0918292001', '0751471043', '0706016001', '0863595006', '0863583002', '0865929003']
10a49acf930a6aa6f7f836beca88ce9d642a3e435c42cf430b7576dce89fad11  GT values : {'0874754002', '0874754016', '0874754004', '0677930086', '0677930037', '0791587005', '0717490058', '0717490079', '0918292001', '0717490057', '0791587001', '0935694002', '0814641001', '0910824001', '0814641006', '0717490075', '0678942059'} Predictions : ['0915529003', '0915529001', '0896152002', '0918292001', '0916468003', '0751471001', '0915526001', '0751471043', '0706016001', '0863595006', '0863583002', '0898694001']
10b2ef05cb2240b2e4a8a4899bebcf2cdf81c797b8fd80ab3e10bbbb9a06e4ab  GT values : {'0802461004', '0915529003', '0915529005'} Predictions : ['0915529003', '0918292001', '0915529001', '0896152002', '0751471001', '0916468003', '0915526001', '0751471043', '0863583002', '0706016001', '0863595006', '0921906003']
140365abb155be592ff5c5f5efd208bfdb361c5d57d8978d1b4405f5f1ca88d1  GT values : {'0915526001'} Predictions : ['0915529003', '0915529001', '0751471001', '0918292001', '0896152002', '0916468003', '0915526001', '0751471043', '0863595006', '0706016001', '0898694001', '0863583002']
142f0a96b3b4c0bc7da5eae05e6185ef2b9c72ed6f71f5b6c7133cbecfd5f5d7  GT values : {'0904026002', '0706016001', '0706016002', '0921671001'} Predictions : ['0915529003', '0915529001', '0916468003', '0751471001', '0896152002', '0915526001', '0909370001', '0921906003', '0751471043', '0918292001', '0863595006', '0706016001']
15d86dce089a6256f5c351fc31c11b15a816f7844f1938d5febc7234620af467  GT values : {'0881942002', '0918525001', '0915529005', '0903276001', '0915529003', '0922619002'} Predictions : ['0915526001', '0915529003', '0915529001', '0896152002', '0916468003', '0751471001', '0865929003', '0884319001', '0884319005', '0751471043', '0863595006', '0706016001']
15e7d12613409b6ad8ee91141bc96e80f33b09218a6270630f2645329e35f0c3  GT values : {'0863583002', '0885919004'} Predictions : ['0915529003', '0751471001', '0896152002', '0916468003', '0915529001', '0918292001', '0751471043', '0915526001', '0706016001', '0863595006', '0863583002', '0865929003']
16329023260ba1805fb69213af3ccb3b19a8af238210da7c62100ea9d7514110  GT values : {'0914868002', '0865929003'} Predictions : ['0896152002', '0915529001', '0915526001', '0915529003', '0916468003', '0751471001', '0865929003', '0884319001', '0884319005', '0751471043', '0863595006', '0874891001']
17537fd7ed2ce9e28037d996be21500dc46da85f5d93e9b13cc89a3515c21379  GT values : {'0916235002', '0706016001', '0906296003', '0922489001', '0933032002', '0865086004', '0882900013'} Predictions : ['0915529003', '0915529001', '0896152002', '0915526001', '0916468003', '0751471001', '0918292001', '0751471043', '0863595006', '0863583002', '0706016001', '0865929003']
191071b0e1f2e94a557f1a0b4cea3de55faf1581b1f46466ffe90664f73ec96e  GT values : {'0881942002', '0884319009', '0802549003', '0905365003', '0906169002', '0919986001', '0882900001', '0802549004', '0897191002', '0915529005', '0915529003', '0910601003', '0895610004', '0882900013', '0929275001', '0909588003', '0901327002', '0913714001', '0905365002', '0881942001', '0909721002'} Predictions : ['0915529003', '0896152002', '0915529001', '0751471001', '0916468003', '0918292001', '0915526001', '0751471043', '0706016001', '0863595006', '0863583002', '0865929003']
1920f4768b5534c1892b724c23e86a8cdc2419c1e2868b7f8fc2c592ee6e15ff  GT values : {'0865929003'} Predictions : ['0915529003', '0915529001', '0915526001', '0896152002', '0916468003', '0751471001', '0918292001', '0751471043', '0863595006', '0863583002', '0865929003', '0706016001']
19ec00a500d3ece59396aea93689139209ac8869858c4f083ecf79b07e899717  GT values : {'0894085002', '0889456001', '0751471001', '0568601006'} Predictions : ['0915529003', '0918292001', '0751471001', '0751471043', '0916468003', '0706016001', '0896152002', '0915529001', '0863595006', '0863583002', '0768912001', '0898694001']
19fd0493e0371cf29a354e9716165bde2b6e53187be59a3b0e26f5902d68eaab  GT values : {'0751471001'} Predictions : ['0915529003', '0751471001', '0916468003', '0896152002', '0751471043', '0915529001', '0918292001', '0706016001', '0915526001', '0863595006', '0898694001', '0579541001']
1a01db9c8b64c2e23527f2ec672c124b2f88adbfccf1a284d912e8f780c315af  GT values : {'0751471001', '0914805002'} Predictions : ['0915529003', '0751471001', '0916468003', '0896152002', '0751471043', '0915529001', '0918292001', '0706016001', '0915526001', '0863595006', '0898694001', '0579541001']
1a3e0e3de814f5984acdb6d78dccdc525c00785b14225aaaaaf720d80d9adbea  GT values : {'0751471043', '0751471037', '0815851001'} Predictions : ['0915529003', '0896152002', '0751471001', '0751471043', '0918292001', '0916468003', '0915529001', '0706016001', '0915526001', '0863595006', '0863583002', '0921906003']
1a6084299733e7631f31bb4dc64dc3de7c3f9338a3a028d1538a2dcd11f9001a  GT values : {'0894956001', '0856270003', '0918292001', '0918292011'} Predictions : ['0915529003', '0918292001', '0921906003', '0751471001', '0863583002', '0896152002', '0915529001', '0768912001', '0916468003', '0751471043', '0918892001', '0706016001']
1b02d2f7d47049fe2bac2dcb7423aef86d89f6d26677e41f09f44bf22f3720c5  GT values : {'0867969003', '0865929003', '0448509014'} Predictions : ['0915529003', '0915526001', '0896152002', '0915529001', '0751471001', '0916468003', '0918292001', '0751471043', '0706016001', '0863583002', '0863595006', '0865929003']
1b3e4234bc5f067571f3fa29632ddfbd4d40fcb0b62fd7ec05c07ac318c4ca23  GT values : {'0751471022', '0751471001', '0846356001', '0857440002'} Predictions : ['0915529003', '0915529001', '0915526001', '0896152002', '0916468003', '0751471001', '0918292001', '0751471043', '0706016001', '0863595006', '0863583002', '0865929003']
1b445e999f00664de2d5afb07059d51eaba8c91239a4d99ecb0c937924aa1de8  GT values : {'0805000008', '0762846027', '0751471001', '0751471037'} Predictions : ['0915529003', '0918292001', '0915529001', '0896152002', '0751471001', '0916468003', '0751471043', '0915526001', '0863583002', '0706016001', '0863595006', '0921906003']
1b46b3400bd3a02f663ebe6142666e8b8f967caa0ac41e356c6d8c43b3447b52  GT values : {'0751471037', '0683001020', '0751471001'} Predictions : ['0915529003', '0915529001', '0896152002', '0915526001', '0751471001', '0916468003', '0918292001', '0751471043', '0863583002', '0706016001', '0863595006', '0865929003']
1bd5e1a8135224bf5d877dffe0e758f5d631644e68f3a4f2d5d1cfd302a9be1c  GT values : {'0706016001', '0706016002', '0867503006'} Predictions : ['0915529003', '0915526001', '0915529001', '0896152002', '0916468003', '0751471001', '0863583002', '0918292001', '0751471043', '0706016001', '0863595006', '0865929003']
1cd74fe055b335b90a1ce4f21a5be5c413f40f3343b9f6ff2d6a64b5e855c9ef  GT values : {'0763490001', '0863595006'} Predictions : ['0915529003', '0896152002', '0915529001', '0915526001', '0916468003', '0751471001', '0751471043', '0865929003', '0884319001', '0863595006', '0884319005', '0918292001']
1d29d3fbcce1811165e9ac486f867f305b04119d3d3088ad01041c4052f92a5b  GT values : {'0909059001', '0884319005'} Predictions : ['0915529003', '0896152002', '0915526001', '0916468003', '0915529001', '0751471001', '0751471043', '0863595006', '0706016001', '0865929003', '0884319001', '0884319005']
1d80ef5c14cfdf0b484cfa01bf7fd20975a5de4b6d86c2b58cadd4f27fad755d  GT values : {'0869379011', '0918835001', '0895477001', '0896152002'} Predictions : ['0915529003', '0918292001', '0751471001', '0896152002', '0915529001', '0916468003', '0751471043', '0915526001', '0706016001', '0863583002', '0863595006', '0921906003']
1df80dba8be36999c84637307de3b86b30e36ebcb4febce223ce995b245473cd  GT values : {'0882899003', '0814686003', '0924453003', '0914441004', '0673677002', '0871889001', '0882899015', '0931769001', '0755754001', '0914441001', '0866731001', '0842004003', '0867966009'} Predictions : ['0915529003', '0915529001', '0751471001', '0896152002', '0915526001', '0751471043', '0863583002', '0706016001', '0918292001', '0916468003', '0673677002', '0863583001']
1e3d096ac7ce7182e2dab13aed7ee61695c4188cfd4d3e853c0683c895ccda5e  GT values : {'0863583002', '0828912004', '0863595006', '0923569002', '0893059003', '0903926002', '0904414005', '0893059005', '0832307007', '0863646005', '0923569007', '0903926001', '0874819002', '0814686004'} Predictions : ['0915529003', '0915529001', '0751471001', '0896152002', '0916468003', '0918292001', '0751471043', '0915526001', '0706016001', '0863583002', '0863595006', '0898694001']
1efa293ba2a3e14578c40dc5e10d4e2a2f230550bc6ae3de15f9edbea26a3f5d  GT values : {'0873679001', '0915526001'} Predictions : ['0896152002', '0751471001', '0915529003', '0916468003', '0915526001', '0915529001', '0751471043', '0865929003', '0918292001', '0884319001', '0706016001', '0884319005']
1f8c94995b8102bfb1fd93cd70d90d8d6d41921165dc3922ae4426c0f86b7b76  GT values : {'0791587001', '0915529001', '0896152003'} Predictions : ['0915529003', '0918292001', '0896152002', '0751471001', '0916468003', '0915529001', '0751471043', '0706016001', '0915526001', '0863595006', '0863583002', '0909370001']
20060a09b83dbc71b5cb71a5c7fea0f7cd4a6b8f211b523d76054da7ba48e2a7  GT values : {'0863583002'} Predictions : ['0915529003', '0918292001', '0751471001', '0915529001', '0768912001', '0896152002', '0921906003', '0863583002', '0751471043', '0918892001', '0916468003', '0706016001']
206679f8a4b55be26aa7c2f6ec88d7bc1abd2a8ffec3f1d49add867bc859c18a  GT values : {'0800691008', '0850917003', '0751471001', '0751471037', '0827968001', '0850917006', '0762846027', '0850917001'} Predictions : ['0915526001', '0915529001', '0915529003', '0896152002', '0916468003', '0751471001', '0865929003', '0751471043', '0884319001', '0884319005', '0863595006', '0706016001']
2138af31397fa93befbb97bba73d68f6abcbbc49cc0f466591c479ef4b9ee1d2  GT values : {'0547780001', '0857924010', '0768912001', '0857163001'} Predictions : ['0915529003', '0918292001', '0915529001', '0751471001', '0896152002', '0916468003', '0863583002', '0915526001', '0751471043', '0706016001', '0768912001', '0673677002']
21e7503a0cf5f185d2b3f35202c313277519ab3428e9bb09cd9cf6a40bf50093  GT values : {'0903320001', '0928813001', '0873279004', '0931769001', '0903851001', '0915529003'} Predictions : ['0915526001', '0915529003', '0915529001', '0896152002', '0916468003', '0751471001', '0865929003', '0884319001', '0884319005', '0751471043', '0863595006', '0706016001']
2216a165cbd8826138e097fbcf00caf527c8f0a01053bca8f84525cc1f30fb6c  GT values : {'0831302006', '0756322001', '0897191002', '0706016001', '0932243001', '0706016062', '0372860001', '0831302001', '0831302002', '0756322009', '0756320031'} Predictions : ['0896152002', '0915529003', '0751471001', '0915526001', '0751471043', '0915529001', '0706016001', '0916468003', '0610776002', '0865929003', '0806388002', '0884319001']
229258b8557bf641ade28d406ec48bd88b3757721e3f75eda4b0eb4b58c5c188  GT values : {'0867969006', '0898684001', '0706016001', '0923037001', '0903994001', '0898886001', '0673677002'} Predictions : ['0915529003', '0751471001', '0896152002', '0916468003', '0915529001', '0751471043', '0915526001', '0918292001', '0706016001', '0863595006', '0865929003', '0884319001']
2473e517c54e827f287d6934836932fe1121a26bb1038ecbe412db51350b3ffd  GT values : {'0751471043', '0903773001'} Predictions : ['0915529003', '0915529001', '0921906003', '0909370001', '0863583002', '0915526001', '0916468003', '0918292001', '0751471001', '0896152002', '0921906001', '0751471043']
27e952d9a4e860ffb6d06d9347aae515e8b232ca8a9257a48306f3f8b77792c5  GT values : {'0725663002', '0909370001', '0922625002', '0936610001', '0885617002', '0922625003', '0725662002', '0897687001'} Predictions : ['0915529003', '0915529001', '0751471001', '0916468003', '0918292001', '0896152002', '0751471043', '0915526001', '0706016001', '0863595006', '0863583002', '0909370001']
28572c7940891dc5ea887dd8c631845b54f373c01ab316c555a17d7899b2f1e0  GT values : {'0915529003', '0871957004'} Predictions : ['0915529003', '0896152002', '0915529001', '0751471001', '0916468003', '0918292001', '0915526001', '0751471043', '0706016001', '0863595006', '0865929003', '0884319001']
28c43a8570a22a95b6de74c01c813529ee7daa876da10f36aaf44fc043c143bc  GT values : {'0915529003', '0579541001', '0803070017', '0884319005'} Predictions : ['0915529003', '0896152002', '0751471001', '0915529001', '0916468003', '0915526001', '0918292001', '0751471043', '0706016001', '0863595006', '0865929003', '0884319001']
29f055ee368137edcd451e3c0e881937843d3ecc51f599714b73507b33d629ed  GT values : {'0700758001', '0751471039', '0751471001', '0797529001'} Predictions : ['0915529003', '0915529001', '0916468003', '0896152002', '0751471001', '0915526001', '0918292001', '0751471043', '0863595006', '0706016001', '0863583002', '0898694001']
2a02942c4e7e395917053fb8dae1cb972279e5c83ff226138ad1f47a4ba41bbc  GT values : {'0918292001', '0910949002'} Predictions : ['0915529003', '0751471001', '0916468003', '0896152002', '0751471043', '0915529001', '0918292001', '0706016001', '0863595006', '0915526001', '0909370001', '0898694001']
2a1c7cd1edce9c1580070c2d15b4022f3b5026201dfeb14e3a9b4f87552695d5  GT values : {'0821397008', '0827957007', '0924243002', '0611415035', '0933032002', '0936862001', '0915529003', '0821397007', '0894758004'} Predictions : ['0915529003', '0896152002', '0915529001', '0751471001', '0916468003', '0915526001', '0918292001', '0751471043', '0706016001', '0863595006', '0863583002', '0865929003']
2a78d2682a444e326b4b67aa4c7293ce826cbc473949c0a656c9bd42c7ddb064  GT values : {'0805947001', '0906842002', '0863595006', '0855735001', '0921378001', '0806388001', '0835675002', '0860822003', '0893059004'} Predictions : ['0915529003', '0918292001', '0751471001', '0896152002', '0751471043', '0916468003', '0706016001', '0915529001', '0863583002', '0863595006', '0768912001', '0921906003']
2abd6c591ca0ff281b755507a61b15531b9956200117e8abc2750c2c6e03e821  GT values : {'0858856002', '0762846027', '0706016001'} Predictions : ['0915529003', '0896152002', '0915529001', '0916468003', '0915526001', '0751471001', '0751471043', '0918292001', '0706016001', '0863595006', '0865929003', '0884319001']
2baf66308d05211e2ce924e105671a3feeff784de9a6f4bde05df48d3ab963aa  GT values : {'0751471042', '0923534005', '0751471043', '0570189002', '0923534001', '0570189010', '0664074061'} Predictions : ['0915529003', '0915529001', '0915526001', '0896152002', '0916468003', '0751471001', '0751471043', '0863595006', '0918292001', '0909370001', '0865929003', '0884319001']
2bf22014db3b57581c076bfdf81af55a2ba16e3d7791284d1fdfe3dca655ce7c  GT values : {'0915529001', '0893432003'} Predictions : ['0915529003', '0916468003', '0896152002', '0751471001', '0915529001', '0915526001', '0751471043', '0918292001', '0706016001', '0863595006', '0909370001', '0865929003']
2d0be904b02d7e88744a0660178a01f510349f668f002f9f45715fc1bd501664  GT values : {'0915529003', '0924625001', '0915529005', '0893059005'} Predictions : ['0915529003', '0751471001', '0916468003', '0896152002', '0751471043', '0915529001', '0918292001', '0706016001', '0863595006', '0865929003', '0884319001', '0915526001']
2db13d5b80202394ab6a2808db27593d74b5d756374a4f04d79c1eb5e5ca994f  GT values : {'0898694001'} Predictions : ['0915529003', '0896152002', '0916468003', '0751471001', '0918292001', '0915529001', '0751471043', '0706016001', '0863595006', '0915526001', '0898694001', '0579541001']
2dbe98f91bbe92ec230c174edcfc28b27a8e9ca6c3672ed89f5815117d6135d3  GT values : {'0788575002', '0895837002', '0831302001', '0751471001'} Predictions : ['0915529003', '0896152002', '0916468003', '0751471001', '0918292001', '0915529001', '0751471043', '0706016001', '0863595006', '0915526001', '0898694001', '0579541001']
2e5b5ff906e49532707cd3d317fce3893802692ef9bd4aafe09a2d57cf19d246  GT values : {'0918292001', '0809961004', '0894956008', '0869331006'} Predictions : ['0915529001', '0915529003', '0896152002', '0915526001', '0751471001', '0916468003', '0751471043', '0865929003', '0706016001', '0884319001', '0884319005', '0918292001']
2e7fddf749c5fc9f5d5ca6f9368ddb7bf196f5b79e87fa0f2146e9d6430117f1  GT values : {'0868053001', '0751471043', '0673677022', '0887934002', '0757903029'} Predictions : ['0915529003', '0896152002', '0915529001', '0751471001', '0916468003', '0918292001', '0915526001', '0751471043', '0706016001', '0863595006', '0863583002', '0909370001']
300ae9da5757e6c9a4114af5bd79ff116c4a211ef0ac3fc6400eb6c0ff733c0a  GT values : {'0898713001', '0925290006', '0915529003'} Predictions : ['0915529003', '0896152002', '0915529001', '0915526001', '0751471001', '0916468003', '0751471043', '0918292001', '0706016001', '0865929003', '0884319001', '0884319005']
325ae7fda9c481b3ba5039e5dc1ac174eaed2dd9e4932f1b9fae88c8b9b8d498  GT values : {'0751471039', '0751471001', '0916866001', '0751471038', '0751471037', '0850917006', '0850917001', '0835851001'} Predictions : ['0915529003', '0915529001', '0916468003', '0896152002', '0751471001', '0915526001', '0751471043', '0918292001', '0863595006', '0706016001', '0909370001', '0865929003']
3389ad369bc29c51daea42739d83bb49edd3f3ede872ce68344dc402397216a7  GT values : {'0859808003', '0770315005', '0728156024', '0770315008', '0859808002', '0896152002'} Predictions : ['0915529003', '0918292001', '0896152002', '0751471001', '0916468003', '0915529001', '0751471043', '0706016001', '0915526001', '0863595006', '0863583002', '0898694001']
34240f75725f928ff1d0b21c6b9c06329da7a89ae8abebd9794a0bd4b1713b7e  GT values : {'0924250001', '0896152001', '0915529003', '0915526002', '0915529001'} Predictions : ['0915529003', '0915529001', '0863583002', '0918292001', '0673677002', '0896152002', '0863583001', '0915526001', '0751471001', '0857778011', '0874754002', '0916468003']
342baffc950af247ac8f0a40ad8ea2de2841fd37a649c2397a5f23aacae59634  GT values : {'0870525005', '0850899002', '0896152002'} Predictions : ['0915529003', '0915529001', '0863583002', '0918292001', '0673677002', '0896152002', '0863583001', '0915526001', '0751471001', '0857778011', '0874754002', '0916468003']
3456a9e922d6a80b67e022f90842a52f09c4762dacd7a83c507c3916e41a0566  GT values : {'0857030004', '0882900001', '0751471001', '0399136061', '0874754002', '0573085028'} Predictions : ['0915529003', '0896152002', '0915529001', '0916468003', '0915526001', '0751471001', '0751471043', '0918292001', '0863595006', '0865929003', '0884319001', '0884319005']
3586d2654a19946ff9f925cdc36c33d6645e9a9d9ac58c630315fcd3dc90f7b4  GT values : {'0751471043'} Predictions : ['0915529003', '0896152002', '0915529001', '0915526001', '0751471001', '0916468003', '0918292001', '0751471043', '0706016001', '0863595006', '0863583002', '0865929003']
35ab21a6a3c92ff7112cbf5ac939413f2a85c7d985952c19119921de8b3729b2  GT values : {'0883025001', '0850917003', '0865926001', '0785665001', '0777143003', '0750397014', '0788633001', '0865926002', '0819141001', '0754323004', '0809757002', '0915529003', '0640174006', '0750397015', '0889456002'} Predictions : ['0915529003', '0896152002', '0751471001', '0916468003', '0915529001', '0918292001', '0751471043', '0915526001', '0706016001', '0863595006', '0865929003', '0884319001']
365025d6fa54b46c8834ac77d9da614fcc0aa18b5c184e1d50abb20141ac3a05  GT values : {'0905945001', '0911981001', '0896368001', '0778745010', '0889596001', '0926285002', '0924531001', '0904414003', '0915529003', '0762846006', '0776179001', '0801068018', '0897146002', '0783280001', '0801068003', '0801068014', '0904671001', '0777892001', '0928907001'} Predictions : ['0915529003', '0896152002', '0751471001', '0918292001', '0916468003', '0915529001', '0751471043', '0706016001', '0915526001', '0863595006', '0863583002', '0898694001']
36a0b8f194fb8e0bccf904fd40f636897f83f297eeb7f5fcf4f25d7cdf07938b  GT values : {'0866731001', '0865086004', '0884319005'} Predictions : ['0896152002', '0915529003', '0915529001', '0915526001', '0751471001', '0916468003', '0751471043', '0918292001', '0865929003', '0884319001', '0706016001', '0884319005']
37e5f6b39bc293a66e9dd46fa36d9ce8ebfc952dddde6f4a87e7649ef8987527  GT values : {'0673677002'} Predictions : ['0915529003', '0915529001', '0915526001', '0896152002', '0916468003', '0863583002', '0751471001', '0918292001', '0863583001', '0751471043', '0673677002', '0863595006']
37e604b830aece4d7eb980fec95b60be05878cb01b324ab498455d43880a1183  GT values : {'0781613006', '0751471001'} Predictions : ['0915529003', '0915529001', '0915526001', '0896152002', '0916468003', '0863583002', '0751471001', '0918292001', '0863583001', '0751471043', '0673677002', '0863595006']
37f1c411e65e8c8208ef57384496751ae86babf335444b7654e84b854c8ae1e7  GT values : {'0918443002', '0799365001', '0915526001'} Predictions : ['0896152002', '0916468003', '0915529003', '0751471001', '0915529001', '0751471043', '0915526001', '0863595006', '0706016001', '0865929003', '0884319001', '0884319005']
38e4d0a5e66f7b6779e3d04ed25fb53e6b856b173eda2749d1cc805eb6e30291  GT values : {'0752689003', '0915526001', '0865929004', '0884319005', '0909721002'} Predictions : ['0915529003', '0896152002', '0915526001', '0915529001', '0751471001', '0916468003', '0751471043', '0706016001', '0865929003', '0884319001', '0884319005', '0918292001']
38f3035ddd1c5fba76e10e381b1be891dcfba9bf168a07e080cf7e532ff8e235  GT values : {'0933032001', '0918835001', '0915526001'} Predictions : ['0896152002', '0915529003', '0751471001', '0751471043', '0706016001', '0915529001', '0916468003', '0915526001', '0863583002', '0918292001', '0806388002', '0863595006']
39599969a3a47e6ddc324b39e39f1056f70461542b557606a745310db8fbd402  GT values : {'0863595006', '0688558001', '0730683050', '0883307004', '0886557002', '0927957001', '0852584001', '0893059004', '0874819003', '0889000002'} Predictions : ['0915529003', '0751471001', '0916468003', '0918292001', '0915529001', '0896152002', '0751471043', '0915526001', '0706016001', '0863595006', '0863583002', '0898694001']
39e547b5e2294dba68c83c4308beb657e6bf538c1cab229c90ea897c4949981e  GT values : {'0923758001', '0751471001', '0914805002', '0918522001', '0767423011', '0893141002'} Predictions : ['0896152002', '0915529003', '0915526001', '0916468003', '0915529001', '0751471001', '0751471043', '0865929003', '0884319001', '0884319005', '0863595006', '0706016001']
3a5b3cecf2eaa2a3633ee51d09801feed42ed60bfc83162faf88b09542d9054a  GT values : {'0904584009', '0884319005'} Predictions : ['0915529003', '0896152002', '0915526001', '0915529001', '0916468003', '0751471001', '0751471043', '0918292001', '0865929003', '0884319001', '0884319005', '0706016001']
3a6c5b1f3a70c51ce053babb01473282f19f49d59f48ea4fb5626242677cd2d4  GT values : {'0867738002', '0635838001', '0781613006', '0915529003', '0717490008', '0850917001'} Predictions : ['0915529003', '0918292001', '0915529001', '0896152002', '0751471001', '0916468003', '0751471043', '0915526001', '0706016001', '0863583002', '0863595006', '0909370001']
3d1a14443c6681aa0fff3aaaba3239d6640ba43286af3d9bc0f165ca74a69ae5  GT values : {'0871519008', '0894780001', '0903790001', '0856060003', '0801673001', '0922408001', '0793012001', '0915529003', '0904230003'} Predictions : ['0915529003', '0751471001', '0896152002', '0915529001', '0916468003', '0918292001', '0751471043', '0706016001', '0915526001', '0863595006', '0863583002', '0898694001']
3def3a7b78e3e7f4785fe453dc66c5021d6ad65ed67befa3954a0fad9b3475b0  GT values : {'0929599001', '0893141001', '0754238024', '0915529003', '0896169002', '0896169005'} Predictions : ['0915529003', '0915529001', '0915526001', '0896152002', '0863583002', '0751471001', '0918292001', '0916468003', '0863583001', '0751471043', '0874754002', '0706016001']
409cf37f87965fcbc97a62b2269c8ddf60a147709d72ebdc00d10fbc36af42f0  GT values : {'0869379002', '0897464002', '0806847024', '0874122005', '0915526001', '0923340001'} Predictions : ['0915529003', '0915529001', '0896152002', '0915526001', '0751471001', '0916468003', '0751471043', '0706016001', '0918292001', '0863595006', '0865929003', '0884319001']
415a635c833eca2e0525fd673f76015545ad46591e189e88e4df9163d2db6c90  GT values : {'0924320002', '0923361001', '0857778011', '0706016001', '0706016003', '0706016006', '0706016038', '0706016062', '0841402001', '0706016019'} Predictions : ['0915529003', '0921906003', '0918292001', '0863583002', '0751471001', '0896152002', '0915529001', '0768912001', '0751471043', '0158340001', '0706016001', '0921906001']
41a3201536739bc2d0318072f1af26fb3ff529910ed37de30e921595a2ab9786  GT values : {'0863595006', '0911870003', '0925124001', '0881111008', '0673677002'} Predictions : ['0915529003', '0751471001', '0896152002', '0918292001', '0916468003', '0751471043', '0706016001', '0863595006', '0915529001', '0898694001', '0915526001', '0579541001']
438cbf2b2a234e744639c29d5b73325a5fc222a8a3d87d8e5b50811e7690d96a  GT values : {'0799365001', '0904297001', '0898694001', '0902419001', '0904022001', '0910601002', '0896152002'} Predictions : ['0915529003', '0916468003', '0896152002', '0915529001', '0751471001', '0918292001', '0915526001', '0751471043', '0863595006', '0706016001', '0909370001', '0863583002']
43a9abd9ee4c467d906f3cde50427d6b2b1a5ce948aeae25470d3df6c32d4f15  GT values : {'0781613006', '0898692006', '0887771001', '0915529003'} Predictions : ['0915529003', '0915529001', '0915526001', '0896152002', '0751471001', '0916468003', '0918292001', '0751471043', '0863595006', '0706016001', '0865929003', '0884319001']
44ff32ebd77d2fdf25c6d7fa4bbe5b61e2369d67116cc2a0d2ac23da3b15aa0d  GT values : {'0751471043'} Predictions : ['0915529003', '0896152002', '0918292001', '0915529001', '0751471001', '0916468003', '0915526001', '0751471043', '0706016001', '0863595006', '0863583002', '0865929003']
450f850b44994e407b15ea4e67c49c80eb26f3c9e22ed678070ba5f60bca9f15  GT values : {'0881942002', '0266875001', '0868053001', '0766346011', '0910237001', '0631536041', '0889540001', '0915529001', '0562245104', '0881942001'} Predictions : ['0896152002', '0915529001', '0915529003', '0915526001', '0751471001', '0751471043', '0916468003', '0706016001', '0918292001', '0865929003', '0884319001', '0884319005']
4519a4cbcb771914cf5f4ded4bcc09ca11eb582ccbca5d56da9deca60b4bb7ec  GT values : {'0878200010', '0924320002', '0920777003', '0828116001', '0908629003', '0828116003', '0918525001', '0915529003', '0719530014', '0789081003', '0901330002', '0926502001', '0814686004', '0896152002', '0896169005'} Predictions : ['0915529003', '0915529001', '0915526001', '0896152002', '0916468003', '0751471001', '0751471043', '0918292001', '0863595006', '0706016001', '0865929003', '0884319001']
4519ff3992b15bf6dc130beab25a06da8392ceb0876d0abf456a77b9ecd8a7c5  GT values : {'0861803009', '0918292001'} Predictions : ['0915529003', '0915529001', '0915526001', '0896152002', '0916468003', '0751471001', '0751471043', '0918292001', '0863595006', '0706016001', '0865929003', '0884319001']
45324dadcf3b66883fd3c336694122e5e35700fd2be1859bd4d55aaaf32a2074  GT values : {'0874754002', '0706016001', '0911870003'} Predictions : ['0915529003', '0751471001', '0896152002', '0751471043', '0916468003', '0706016001', '0918292001', '0884319005', '0884319001', '0865929003', '0863595006', '0915529001']
45c29301075615c4e896dddf73f5a08b8b0c8d9e6d2bec5cdf807133a041dc42  GT values : {'0915529005', '0759331002', '0915529003', '0892663002'} Predictions : ['0915529003', '0915529001', '0916468003', '0751471001', '0896152002', '0915526001', '0918292001', '0751471043', '0909370001', '0863595006', '0706016001', '0863583002']
460d4366efae126bc0b02ad3142055f5b5d252d518d91eb619bcd2b12248552b  GT values : {'0621381014', '0706016001', '0706016002'} Predictions : ['0915529003', '0915529001', '0915526001', '0751471001', '0896152002', '0751471043', '0916468003', '0863583002', '0706016001', '0863583001', '0673677002', '0874754002']
4637cb2675bd532e6943275461240b4ace37d40bfd63355e424d04879ffc2e50  GT values : {'0547780003', '0673677022', '0751471001', '0608776002', '0579541075', '0751471037', '0547780001', '0673677002'} Predictions : ['0915529003', '0915529001', '0896152002', '0915526001', '0751471001', '0916468003', '0918292001', '0751471043', '0706016001', '0863595006', '0865929003', '0884319001']
464d27ac8c1bdd3a8ee3ae33c9c3a7c485571a354c376f50dbba93b218e77996  GT values : {'0898886001', '0866714017', '0882146002', '0915526001'} Predictions : ['0915529003', '0915529001', '0915526001', '0916468003', '0896152002', '0751471001', '0751471043', '0863595006', '0918292001', '0863583002', '0865929003', '0706016001']
468a7fec375e8293592fef7c6a5da91ed6f0d35b57d51a387ec49abfbc72c1b2  GT values : {'0902288002', '0913785001', '0751471043', '0902288001', '0589748001'} Predictions : ['0915529003', '0915529001', '0918292001', '0751471001', '0915526001', '0863583002', '0673677002', '0916468003', '0896152002', '0751471043', '0863583001', '0768912001']
468fc9e426242dd61e01c60f9fe3c35c8d8574eb779832dcea2783eb33905d0b  GT values : {'0751471001', '0794575002', '0751471026'} Predictions : ['0915529003', '0915529001', '0896152002', '0915526001', '0916468003', '0751471001', '0751471043', '0918292001', '0865929003', '0863595006', '0884319001', '0884319005']
46f1cf241c44fc52f8ae1790301731be32490e5df8ad91d8ccedfc53f8d8790b  GT values : {'0915529001'} Predictions : ['0915529001', '0915529003', '0915526001', '0896152002', '0916468003', '0751471001', '0751471043', '0863595006', '0865929003', '0884319001', '0884319005', '0918292001']
480d9c23ccfc646b13f20efb5782f6cfe49bf8eccb126199bc87a7d2191b1b63  GT values : {'0856270002', '0918292011', '0879291001', '0918292001', '0910824001', '0868823011'} Predictions : ['0915529003', '0918292001', '0751471001', '0896152002', '0751471043', '0915529001', '0706016001', '0916468003', '0863583002', '0158340001', '0863595006', '0857778011']
489d125d691cdc815457f2325395746935d979a8bb728463e1897810b1124aee  GT values : {'0856270002', '0846181003', '0751471042', '0898107001', '0918292001', '0751471001', '0858147006', '0781613006', '0884319005', '0879958001', '0762846027', '0906633001', '0858147001'} Predictions : ['0915529003', '0915529001', '0896152002', '0751471001', '0916468003', '0751471043', '0915526001', '0918292001', '0865929003', '0706016001', '0884319001', '0884319005']
48a00be5d8d8ebe5240816a29e1b0fd642877671db92810342a2d60a6f0bf07d  GT values : {'0694848001', '0563519008', '0822344001', '0865929002', '0819520008', '0920869003', '0865929007', '0865929003', '0833013003'} Predictions : ['0915529003', '0896152002', '0915529001', '0751471001', '0916468003', '0915526001', '0918292001', '0751471043', '0706016001', '0863595006', '0865929003', '0884319001']
48b6c1148bf314596f9f74b8db60f6744d20f4f85c20661b827c6269153ce6a6  GT values : {'0863583001', '0898713001', '0865929003'} Predictions : ['0915529003', '0915529001', '0916468003', '0915526001', '0896152002', '0751471001', '0863595006', '0909370001', '0918292001', '0865929003', '0751471043', '0884319005']
495c83e0fd8e5a46837eb07aa50843033dac3bc5edcfd3d81ecae582d233d62f  GT values : {'0918292001'} Predictions : ['0915529003', '0918292001', '0915529001', '0751471001', '0916468003', '0896152002', '0915526001', '0863583002', '0751471043', '0921906003', '0863595006', '0706016001']
497e068c12f5a7f615310a3e8d340ef701a5c57f28c44b50b498f817e59d3ff8  GT values : {'0687704039', '0372860001', '0751471001', '0832482001'} Predictions : ['0915529003', '0915526001', '0916468003', '0915529001', '0896152002', '0751471001', '0863595006', '0751471043', '0865929003', '0884319001', '0884319005', '0706016001']
calculating map@12 : --- 2961.431740999222 seconds ---
map@12: 0.004380018297712278
