nohup: ignoring input
Is cuda available? True
creating train dataset : --- 1.021996021270752 seconds ---
number of train dataset:  29254
creating test dataset : --- 1.5038652420043945 seconds ---
number of test dataset:  17264
dataset 0: --- 1.5039236545562744 seconds ---
epoch:1, period:5 running loss: 0.24435
time: 128.5855689048767
epoch:1, period:10 running loss: 0.07987
time: 261.7036340236664
epoch:1, period:15 running loss: 0.05183
time: 395.89565324783325
epoch:1, period:20 running loss: 0.04947
time: 529.8467552661896
epoch:1, period:25 running loss: 0.04119
time: 663.7034547328949
epoch:1, period:30 running loss: 0.04510
time: 797.7036633491516
epoch:1, period:35 running loss: 0.03946
time: 931.212724685669
epoch:1, period:40 running loss: 0.04244
time: 1064.9558968544006
epoch:1, period:45 running loss: 0.04438
time: 1196.8400247097015
epoch:1, period:50 running loss: 0.03741
time: 1328.0708539485931
epoch:1, period:55 running loss: 0.04011
time: 1458.9458820819855
epoch:1 average loss: 0.08806
time: 1556.2212278842926
epoch:1 test loss: 0.04611
time: 1683.598626613617
epoch:2, period:5 running loss: 0.04035
time: 1812.0753345489502
epoch:2, period:10 running loss: 0.03749
time: 1942.0667386054993
epoch:2, period:15 running loss: 0.03827
time: 2076.3221230506897
epoch:2, period:20 running loss: 0.03673
time: 2204.1526169776917
epoch:2, period:25 running loss: 0.03760
time: 2335.7392954826355
epoch:2, period:30 running loss: 0.03654
time: 2467.36838889122
epoch:2, period:35 running loss: 0.03588
time: 2597.8231739997864
epoch:2, period:40 running loss: 0.03982
time: 2732.0353710651398
epoch:2, period:45 running loss: 0.03739
time: 2864.7993133068085
epoch:2, period:50 running loss: 0.04205
time: 2997.2399694919586
epoch:2, period:55 running loss: 0.03663
time: 3128.380900621414
epoch:2 average loss: 0.03844
time: 3257.8416504859924
epoch:2 test loss: 0.04621
time: 3384.7212450504303
epoch:3, period:5 running loss: 0.04154
time: 3512.5025684833527
epoch:3, period:10 running loss: 0.03332
time: 3643.955819129944
epoch:3, period:15 running loss: 0.03729
time: 3775.191831588745
epoch:3, period:20 running loss: 0.03483
time: 3906.04540848732
epoch:3, period:25 running loss: 0.03823
time: 4037.377156972885
epoch:3, period:30 running loss: 0.03808
time: 4167.998389005661
epoch:3, period:35 running loss: 0.03834
time: 4298.513981819153
epoch:3, period:40 running loss: 0.03378
time: 4429.578884601593
epoch:3, period:45 running loss: 0.03834
time: 4561.29346370697
epoch:3, period:50 running loss: 0.03904
time: 4691.699849367142
epoch:3, period:55 running loss: 0.03248
time: 4822.445750236511
epoch:3 average loss: 0.03760
time: 4947.076332330704
epoch:3 test loss: 0.04565
time: 5074.128569841385
epoch:4, period:5 running loss: 0.03575
time: 5201.672106027603
epoch:4, period:10 running loss: 0.03399
time: 5334.641579151154
epoch:4, period:15 running loss: 0.04037
time: 5467.534887075424
epoch:4, period:20 running loss: 0.03579
time: 5600.665370225906
epoch:4, period:25 running loss: 0.03533
time: 5733.7592124938965
epoch:4, period:30 running loss: 0.03873
time: 5866.236904859543
epoch:4, period:35 running loss: 0.03729
time: 6001.04979801178
epoch:4, period:40 running loss: 0.03311
time: 6134.879923343658
epoch:4, period:45 running loss: 0.03420
time: 6269.433475494385
epoch:4, period:50 running loss: 0.03901
time: 6404.12948179245
epoch:4, period:55 running loss: 0.03914
time: 6537.906599998474
epoch:4 average loss: 0.03704
time: 6614.247276067734
epoch:4 test loss: 0.04510
time: 6741.620854139328
epoch:5, period:5 running loss: 0.03748
time: 6869.221719264984
epoch:5, period:10 running loss: 0.03852
time: 7000.7492480278015
epoch:5, period:15 running loss: 0.03867
time: 7134.901669502258
epoch:5, period:20 running loss: 0.03297
time: 7267.745494127274
epoch:5, period:25 running loss: 0.04020
time: 7401.149995326996
epoch:5, period:30 running loss: 0.04017
time: 7535.792694568634
epoch:5, period:35 running loss: 0.03311
time: 7669.421856403351
epoch:5, period:40 running loss: 0.03860
time: 7802.6168076992035
epoch:5, period:45 running loss: 0.03642
time: 7937.759197711945
epoch:5, period:50 running loss: 0.03915
time: 8075.100760936737
epoch:5, period:55 running loss: 0.03602
time: 8202.766395807266
epoch:5 average loss: 0.03681
time: 8292.181206703186
epoch:5 test loss: 0.04527
time: 8419.61366891861
training 0: --- 8424.599784612656 seconds ---
